=== Step 0: time-clustering analysis ===
  Phase A: 6,838 500s
  Phase B: 97 500s
  Phase C dead-zone:    355,275 500s (5,125 200s)
  Phase C healthy-zone: 29,816 500s (23,009 200s)

=== Step 1: drawing random sample of 1000 (seed=42) ===
  Injected anchor fastnum 2226598 (replaced one random sample to keep size 1000)
  Wrote D:\verdmat-is\app\audit\hms_fn_spike_sample.txt
  Pre-run staging-DB 500 count: 392,026

=== Step 2+3: re-probing with retry + leit fallback ===
  Endpoint flat: https://hms.is/api/fasteignaskra/fasteign/{fn}
  Endpoint leit: https://hms.is/api/fasteignaskra/leit?q={fn}  (on persistent-500 only)
  Concurrency: 3, retries: 3 ((2.0, 5.0, 12.0)s ±30% jitter)
  ... 2/1000  flat-200=1  leit-recover=0
  ... 5/1000  flat-200=1  leit-recover=0
  ... 8/1000  flat-200=1  leit-recover=0
  ... 11/1000  flat-200=1  leit-recover=0
  ... 14/1000  flat-200=1  leit-recover=0
  ... 17/1000  flat-200=1  leit-recover=0
  ... 20/1000  flat-200=1  leit-recover=0
  ... 23/1000  flat-200=1  leit-recover=0
  ... 24/1000  flat-200=1  leit-recover=0
  ... 27/1000  flat-200=1  leit-recover=0
  ... 29/1000  flat-200=1  leit-recover=0
  ... 33/1000  flat-200=4  leit-recover=0
  ... 36/1000  flat-200=4  leit-recover=0
  ... 40/1000  flat-200=5  leit-recover=0
  ... 43/1000  flat-200=5  leit-recover=0
  ... 50/1000  flat-200=9  leit-recover=0
  ... 61/1000  flat-200=18  leit-recover=0
  ... 62/1000  flat-200=18  leit-recover=0
  ... 64/1000  flat-200=18  leit-recover=0
  ... 71/1000  flat-200=22  leit-recover=0
  ... 77/1000  flat-200=25  leit-recover=0
  ... 83/1000  flat-200=28  leit-recover=0
  ... 85/1000  flat-200=28  leit-recover=0
  ... 87/1000  flat-200=28  leit-recover=0
  ... 91/1000  flat-200=30  leit-recover=0
  ... 95/1000  flat-200=32  leit-recover=0
  ... 97/1000  flat-200=32  leit-recover=0
  ... 99/1000  flat-200=32  leit-recover=0
  ... 102/1000  flat-200=32  leit-recover=0
  ... 105/1000  flat-200=32  leit-recover=0
  ... 110/1000  flat-200=34  leit-recover=0
  ... 113/1000  flat-200=34  leit-recover=0
  ... 116/1000  flat-200=34  leit-recover=0
  ... 121/1000  flat-200=36  leit-recover=0
  ... 124/1000  flat-200=36  leit-recover=0
  ... 128/1000  flat-200=37  leit-recover=0
  ... 131/1000  flat-200=37  leit-recover=0
  ... 135/1000  flat-200=38  leit-recover=0
  ... 138/1000  flat-200=38  leit-recover=0
  ... 143/1000  flat-200=40  leit-recover=0
  ... 148/1000  flat-200=42  leit-recover=0
  ... 152/1000  flat-200=43  leit-recover=0
  ... 154/1000  flat-200=43  leit-recover=0
  ... 156/1000  flat-200=43  leit-recover=0
  ... 161/1000  flat-200=46  leit-recover=0
  ... 164/1000  flat-200=46  leit-recover=0
  ... 168/1000  flat-200=48  leit-recover=0
  ... 172/1000  flat-200=50  leit-recover=0
  ... 174/1000  flat-200=50  leit-recover=0
  ... 175/1000  flat-200=50  leit-recover=0
  ... 179/1000  flat-200=51  leit-recover=0
  ... 183/1000  flat-200=53  leit-recover=0
  ... 185/1000  flat-200=53  leit-recover=0
  ... 190/1000  flat-200=55  leit-recover=0
  ... 193/1000  flat-200=56  leit-recover=0
  ... 194/1000  flat-200=56  leit-recover=0
  ... 201/1000  flat-200=60  leit-recover=0
  ... 204/1000  flat-200=60  leit-recover=0
  ... 210/1000  flat-200=63  leit-recover=0
  ... 214/1000  flat-200=64  leit-recover=0
  ... 218/1000  flat-200=65  leit-recover=0
  ... 222/1000  flat-200=66  leit-recover=0
  ... 226/1000  flat-200=67  leit-recover=0
  ... 229/1000  flat-200=67  leit-recover=0
  ... 232/1000  flat-200=67  leit-recover=0
  ... 235/1000  flat-200=68  leit-recover=0
  ... 236/1000  flat-200=68  leit-recover=0
  ... 239/1000  flat-200=68  leit-recover=0
  ... 242/1000  flat-200=68  leit-recover=0
  ... 246/1000  flat-200=69  leit-recover=0
  ... 250/1000  flat-200=70  leit-recover=0
  ... 253/1000  flat-200=70  leit-recover=0
  ... 257/1000  flat-200=71  leit-recover=0
  ... 260/1000  flat-200=71  leit-recover=0
  ... 263/1000  flat-200=71  leit-recover=0
  ... 267/1000  flat-200=72  leit-recover=0
  ... 270/1000  flat-200=72  leit-recover=0
  ... 273/1000  flat-200=72  leit-recover=0
  ... 276/1000  flat-200=72  leit-recover=0
  ... 279/1000  flat-200=73  leit-recover=0
  ... 281/1000  flat-200=73  leit-recover=0
  ... 284/1000  flat-200=73  leit-recover=0
  ... 288/1000  flat-200=75  leit-recover=0
  ... 289/1000  flat-200=75  leit-recover=0
  ... 292/1000  flat-200=75  leit-recover=0
  ... 295/1000  flat-200=75  leit-recover=0
  ... 298/1000  flat-200=75  leit-recover=0
  ... 303/1000  flat-200=77  leit-recover=0
  ... 306/1000  flat-200=77  leit-recover=0
  ... 308/1000  flat-200=77  leit-recover=0
  ... 311/1000  flat-200=78  leit-recover=0
  ... 313/1000  flat-200=78  leit-recover=0
  ... 315/1000  flat-200=78  leit-recover=0
  ... 317/1000  flat-200=78  leit-recover=0
  ... 319/1000  flat-200=78  leit-recover=0
  ... 321/1000  flat-200=78  leit-recover=0
  ... 323/1000  flat-200=78  leit-recover=0
  ... 326/1000  flat-200=79  leit-recover=0
  ... 329/1000  flat-200=80  leit-recover=0
  ... 334/1000  flat-200=84  leit-recover=0
  ... 335/1000  flat-200=84  leit-recover=0
  ... 339/1000  flat-200=86  leit-recover=0
  ... 341/1000  flat-200=86  leit-recover=0
  ... 345/1000  flat-200=88  leit-recover=0
  ... 349/1000  flat-200=90  leit-recover=0
  ... 351/1000  flat-200=91  leit-recover=0
  ... 354/1000  flat-200=91  leit-recover=0
  ... 357/1000  flat-200=91  leit-recover=0
  ... 361/1000  flat-200=92  leit-recover=0
  ... 364/1000  flat-200=93  leit-recover=0
  ... 366/1000  flat-200=93  leit-recover=0
  ... 371/1000  flat-200=96  leit-recover=0
  ... 374/1000  flat-200=97  leit-recover=0
  ... 377/1000  flat-200=98  leit-recover=0
  ... 378/1000  flat-200=98  leit-recover=0
  ... 380/1000  flat-200=98  leit-recover=0
  ... 382/1000  flat-200=98  leit-recover=0
  ... 385/1000  flat-200=99  leit-recover=0
  ... 386/1000  flat-200=99  leit-recover=0
  ... 392/1000  flat-200=102  leit-recover=0
  ... 394/1000  flat-200=102  leit-recover=0
  ... 396/1000  flat-200=102  leit-recover=0
  ... 398/1000  flat-200=102  leit-recover=0
  ... 399/1000  flat-200=102  leit-recover=0
  ... 402/1000  flat-200=102  leit-recover=0
  ... 406/1000  flat-200=103  leit-recover=0
  ... 409/1000  flat-200=103  leit-recover=0
  ... 416/1000  flat-200=107  leit-recover=0
  ... 419/1000  flat-200=107  leit-recover=0
  ... 422/1000  flat-200=107  leit-recover=0
  ... 424/1000  flat-200=107  leit-recover=0
  ... 427/1000  flat-200=108  leit-recover=0
  ... 429/1000  flat-200=108  leit-recover=0
  ... 430/1000  flat-200=108  leit-recover=0
  ... 434/1000  flat-200=110  leit-recover=0
  ... 437/1000  flat-200=111  leit-recover=0
  ... 440/1000  flat-200=113  leit-recover=0
  ... 442/1000  flat-200=113  leit-recover=0
  ... 445/1000  flat-200=113  leit-recover=0
  ... 449/1000  flat-200=114  leit-recover=0
  ... 451/1000  flat-200=114  leit-recover=0
  ... 454/1000  flat-200=115  leit-recover=0
  ... 458/1000  flat-200=117  leit-recover=0
  ... 459/1000  flat-200=117  leit-recover=0
  ... 461/1000  flat-200=117  leit-recover=0
  ... 463/1000  flat-200=117  leit-recover=0
  ... 466/1000  flat-200=118  leit-recover=0
  ... 469/1000  flat-200=119  leit-recover=0
  ... 472/1000  flat-200=121  leit-recover=0
  ... 474/1000  flat-200=121  leit-recover=0
  ... 477/1000  flat-200=121  leit-recover=0
  ... 479/1000  flat-200=121  leit-recover=0
  ... 481/1000  flat-200=121  leit-recover=0
  ... 485/1000  flat-200=123  leit-recover=0
  ... 490/1000  flat-200=125  leit-recover=0
  ... 492/1000  flat-200=125  leit-recover=0
  ... 493/1000  flat-200=125  leit-recover=0
  ... 497/1000  flat-200=126  leit-recover=0
  ... 501/1000  flat-200=128  leit-recover=0
  ... 503/1000  flat-200=129  leit-recover=0
  ... 505/1000  flat-200=129  leit-recover=0
  ... 506/1000  flat-200=129  leit-recover=0
  ... 508/1000  flat-200=129  leit-recover=0
  ... 512/1000  flat-200=130  leit-recover=0
  ... 515/1000  flat-200=131  leit-recover=0
  ... 517/1000  flat-200=131  leit-recover=0
  ... 519/1000  flat-200=131  leit-recover=0
  ... 521/1000  flat-200=132  leit-recover=0
  ... 524/1000  flat-200=132  leit-recover=0
  ... 526/1000  flat-200=132  leit-recover=0
  ... 527/1000  flat-200=132  leit-recover=0
  ... 531/1000  flat-200=134  leit-recover=0
  ... 535/1000  flat-200=136  leit-recover=0
  ... 538/1000  flat-200=137  leit-recover=0
  ... 539/1000  flat-200=137  leit-recover=0
  ... 542/1000  flat-200=137  leit-recover=0
  ... 544/1000  flat-200=137  leit-recover=0
  ... 546/1000  flat-200=137  leit-recover=0
  ... 550/1000  flat-200=139  leit-recover=0
  ... 552/1000  flat-200=139  leit-recover=0
  ... 555/1000  flat-200=140  leit-recover=0
  ... 563/1000  flat-200=146  leit-recover=0
  ... 579/1000  flat-200=162  leit-recover=0
  ... 588/1000  flat-200=170  leit-recover=0
  ... 593/1000  flat-200=174  leit-recover=0
  ... 597/1000  flat-200=176  leit-recover=0
  ... 600/1000  flat-200=177  leit-recover=0
  ... 603/1000  flat-200=178  leit-recover=0
  ... 608/1000  flat-200=180  leit-recover=0
  ... 612/1000  flat-200=181  leit-recover=0
  ... 615/1000  flat-200=181  leit-recover=0
  ... 618/1000  flat-200=181  leit-recover=0
  ... 619/1000  flat-200=181  leit-recover=0
  ... 621/1000  flat-200=181  leit-recover=0
  ... 623/1000  flat-200=181  leit-recover=0
  ... 624/1000  flat-200=181  leit-recover=0
  ... 627/1000  flat-200=181  leit-recover=0
  ... 630/1000  flat-200=181  leit-recover=0
  ... 633/1000  flat-200=181  leit-recover=0
  ... 636/1000  flat-200=181  leit-recover=0
  ... 639/1000  flat-200=181  leit-recover=0
  ... 642/1000  flat-200=181  leit-recover=0
  ... 644/1000  flat-200=181  leit-recover=0
  ... 645/1000  flat-200=181  leit-recover=0
  ... 647/1000  flat-200=181  leit-recover=0
  ... 649/1000  flat-200=181  leit-recover=0
  ... 651/1000  flat-200=181  leit-recover=0
  ... 653/1000  flat-200=181  leit-recover=0
  ... 655/1000  flat-200=181  leit-recover=0
  ... 657/1000  flat-200=181  leit-recover=0
  ... 659/1000  flat-200=181  leit-recover=0
  ... 662/1000  flat-200=181  leit-recover=0
  ... 665/1000  flat-200=181  leit-recover=0
  ... 667/1000  flat-200=181  leit-recover=0
  ... 669/1000  flat-200=181  leit-recover=0
  ... 671/1000  flat-200=181  leit-recover=0
  ... 673/1000  flat-200=181  leit-recover=0
  ... 675/1000  flat-200=181  leit-recover=0
  ... 677/1000  flat-200=181  leit-recover=0
  ... 679/1000  flat-200=181  leit-recover=0
  ... 680/1000  flat-200=181  leit-recover=0
  ... 682/1000  flat-200=181  leit-recover=0
  ... 683/1000  flat-200=181  leit-recover=0
  ... 685/1000  flat-200=181  leit-recover=0
  ... 687/1000  flat-200=181  leit-recover=0
  ... 689/1000  flat-200=181  leit-recover=0
  ... 690/1000  flat-200=181  leit-recover=0
  ... 693/1000  flat-200=181  leit-recover=0
  ... 695/1000  flat-200=181  leit-recover=0
  ... 697/1000  flat-200=181  leit-recover=0
  ... 699/1000  flat-200=181  leit-recover=0
  ... 701/1000  flat-200=181  leit-recover=0
  ... 703/1000  flat-200=181  leit-recover=0
  ... 705/1000  flat-200=181  leit-recover=0
  ... 707/1000  flat-200=181  leit-recover=0
  ... 708/1000  flat-200=181  leit-recover=0
  ... 710/1000  flat-200=181  leit-recover=0
  ... 711/1000  flat-200=181  leit-recover=0
  ... 713/1000  flat-200=181  leit-recover=0
  ... 715/1000  flat-200=181  leit-recover=0
  ... 717/1000  flat-200=181  leit-recover=0
  ... 720/1000  flat-200=181  leit-recover=0
  ... 723/1000  flat-200=181  leit-recover=0
  ... 726/1000  flat-200=181  leit-recover=0
  ... 729/1000  flat-200=181  leit-recover=0
  ... 732/1000  flat-200=181  leit-recover=0
  ... 735/1000  flat-200=181  leit-recover=0
  ... 738/1000  flat-200=181  leit-recover=0
  ... 741/1000  flat-200=181  leit-recover=0
  ... 744/1000  flat-200=181  leit-recover=0
  ... 747/1000  flat-200=181  leit-recover=0
  ... 748/1000  flat-200=181  leit-recover=0
  ... 750/1000  flat-200=181  leit-recover=0
  ... 752/1000  flat-200=181  leit-recover=0
  ... 754/1000  flat-200=181  leit-recover=0
  ... 757/1000  flat-200=181  leit-recover=0
  ... 759/1000  flat-200=181  leit-recover=0
  ... 762/1000  flat-200=181  leit-recover=0
  ... 765/1000  flat-200=181  leit-recover=0
  ... 768/1000  flat-200=181  leit-recover=0
  ... 771/1000  flat-200=181  leit-recover=0
  ... 774/1000  flat-200=181  leit-recover=0
  ... 777/1000  flat-200=181  leit-recover=0
  ... 780/1000  flat-200=181  leit-recover=0
  ... 783/1000  flat-200=181  leit-recover=0
  ... 785/1000  flat-200=181  leit-recover=0
  ... 787/1000  flat-200=181  leit-recover=0
  ... 789/1000  flat-200=181  leit-recover=0
  ... 791/1000  flat-200=181  leit-recover=0
  ... 793/1000  flat-200=181  leit-recover=0
  ... 795/1000  flat-200=181  leit-recover=0
  ... 797/1000  flat-200=181  leit-recover=0
  ... 799/1000  flat-200=181  leit-recover=0
  ... 800/1000  flat-200=181  leit-recover=0
  ... 803/1000  flat-200=181  leit-recover=0
  ... 806/1000  flat-200=181  leit-recover=0
  ... 808/1000  flat-200=181  leit-recover=0
  ... 810/1000  flat-200=181  leit-recover=0
  ... 812/1000  flat-200=181  leit-recover=0
  ... 813/1000  flat-200=181  leit-recover=0
  ... 815/1000  flat-200=181  leit-recover=0
  ... 817/1000  flat-200=181  leit-recover=0
  ... 819/1000  flat-200=181  leit-recover=0
  ... 822/1000  flat-200=181  leit-recover=0
  ... 825/1000  flat-200=181  leit-recover=0
  ... 828/1000  flat-200=181  leit-recover=0
  ... 831/1000  flat-200=181  leit-recover=0
  ... 834/1000  flat-200=181  leit-recover=0
  ... 837/1000  flat-200=181  leit-recover=0
  ... 840/1000  flat-200=181  leit-recover=0
  ... 843/1000  flat-200=181  leit-recover=0
  ... 846/1000  flat-200=181  leit-recover=0
  ... 849/1000  flat-200=181  leit-recover=0
  ... 852/1000  flat-200=181  leit-recover=0
  ... 855/1000  flat-200=181  leit-recover=0
  ... 858/1000  flat-200=181  leit-recover=0
  ... 860/1000  flat-200=181  leit-recover=0
  ... 861/1000  flat-200=181  leit-recover=0
  ... 863/1000  flat-200=181  leit-recover=0
  ... 864/1000  flat-200=181  leit-recover=0
  ... 866/1000  flat-200=181  leit-recover=0
  ... 868/1000  flat-200=181  leit-recover=0
  ... 870/1000  flat-200=181  leit-recover=0
  ... 872/1000  flat-200=181  leit-recover=0
  ... 874/1000  flat-200=181  leit-recover=0
  ... 876/1000  flat-200=181  leit-recover=0
  ... 878/1000  flat-200=181  leit-recover=0
  ... 880/1000  flat-200=181  leit-recover=0
  ... 882/1000  flat-200=181  leit-recover=0
  ... 884/1000  flat-200=181  leit-recover=0
  ... 886/1000  flat-200=181  leit-recover=0
  ... 887/1000  flat-200=181  leit-recover=0
  ... 890/1000  flat-200=181  leit-recover=0
  ... 893/1000  flat-200=181  leit-recover=0
  ... 895/1000  flat-200=181  leit-recover=0
  ... 897/1000  flat-200=181  leit-recover=0
  ... 899/1000  flat-200=181  leit-recover=0
  ... 900/1000  flat-200=181  leit-recover=0
  ... 902/1000  flat-200=181  leit-recover=0
  ... 904/1000  flat-200=181  leit-recover=0
  ... 906/1000  flat-200=181  leit-recover=0
  ... 909/1000  flat-200=181  leit-recover=0
  ... 911/1000  flat-200=181  leit-recover=0
  ... 913/1000  flat-200=181  leit-recover=0
  ... 915/1000  flat-200=181  leit-recover=0
  ... 917/1000  flat-200=181  leit-recover=0
  ... 919/1000  flat-200=181  leit-recover=0
  ... 921/1000  flat-200=181  leit-recover=0
  ... 923/1000  flat-200=181  leit-recover=0
  ... 925/1000  flat-200=181  leit-recover=0
  ... 927/1000  flat-200=181  leit-recover=0
  ... 929/1000  flat-200=181  leit-recover=0
  ... 931/1000  flat-200=181  leit-recover=0
  ... 933/1000  flat-200=181  leit-recover=0
  ... 936/1000  flat-200=181  leit-recover=0
  ... 939/1000  flat-200=181  leit-recover=0
  ... 942/1000  flat-200=181  leit-recover=0
  ... 945/1000  flat-200=181  leit-recover=0
  ... 947/1000  flat-200=181  leit-recover=0
  ... 949/1000  flat-200=181  leit-recover=0
  ... 951/1000  flat-200=181  leit-recover=0
  ... 953/1000  flat-200=181  leit-recover=0
  ... 954/1000  flat-200=181  leit-recover=0
  ... 957/1000  flat-200=181  leit-recover=0
  ... 960/1000  flat-200=181  leit-recover=0
  ... 963/1000  flat-200=181  leit-recover=0
  ... 966/1000  flat-200=181  leit-recover=0
  ... 970/1000  flat-200=183  leit-recover=0
  ... 972/1000  flat-200=183  leit-recover=0
  ... 974/1000  flat-200=183  leit-recover=0
  ... 976/1000  flat-200=184  leit-recover=0
  ... 978/1000  flat-200=184  leit-recover=0
  ... 980/1000  flat-200=184  leit-recover=0
  ... 982/1000  flat-200=184  leit-recover=0
  ... 984/1000  flat-200=184  leit-recover=0
  ... 988/1000  flat-200=185  leit-recover=0
  ... 991/1000  flat-200=185  leit-recover=0
  ... 994/1000  flat-200=185  leit-recover=0
  ... 997/1000  flat-200=185  leit-recover=0
  ... 1000/1000  flat-200=185  leit-recover=0
  Completed 1000 probes in 94.7 min
  Post-run staging-DB 500 count: 392,026

=== Step 4: classify and report ===
  recovered-200:           185
  recovered-via-leit-only: 0
  persistent-500:          815
  inconclusive:            0
  Wrote D:\verdmat-is\app\audit\hms_fn_spike_report.md
